12:14:01,381 (main) DEBUG [DataNucleus.General] - Using PluginRegistry org.datanucleus.plugin.NonManagedPluginRegistry
12:14:01,401 (main) DEBUG [DataNucleus.General] - Registering bundle org.datanucleus.store.types.jodatime version 3.2.1 at URL file:/C:/Users/Dan/.m2/repository/org/datanucleus/datanucleus-jodatime/3.2.1/datanucleus-jodatime-3.2.1.jar.
12:14:01,412 (main) DEBUG [DataNucleus.General] - Loading extension points from plug-in file jar:file:/C:/Users/Dan/.m2/repository/org/datanucleus/datanucleus-jodatime/3.2.1/datanucleus-jodatime-3.2.1.jar!/plugin.xml.
12:14:01,414 (main) DEBUG [DataNucleus.General] - Loading extensions from plug-in file jar:file:/C:/Users/Dan/.m2/repository/org/datanucleus/datanucleus-jodatime/3.2.1/datanucleus-jodatime-3.2.1.jar!/plugin.xml.
12:14:01,416 (main) DEBUG [DataNucleus.General] - Registering bundle org.datanucleus.api.jdo version 3.2.7 at URL file:/C:/Users/Dan/.m2/repository/org/datanucleus/datanucleus-api-jdo/3.2.7/datanucleus-api-jdo-3.2.7.jar.
12:14:01,425 (main) DEBUG [DataNucleus.General] - Loading extension points from plug-in file jar:file:/C:/Users/Dan/.m2/repository/org/datanucleus/datanucleus-api-jdo/3.2.7/datanucleus-api-jdo-3.2.7.jar!/plugin.xml.
12:14:01,427 (main) DEBUG [DataNucleus.General] - Loading extensions from plug-in file jar:file:/C:/Users/Dan/.m2/repository/org/datanucleus/datanucleus-api-jdo/3.2.7/datanucleus-api-jdo-3.2.7.jar!/plugin.xml.
12:14:01,429 (main) DEBUG [DataNucleus.General] - Registering bundle org.sonatype.inject version 2.3.0 at URL file:/C:/Users/Dan/.m2/repository/org/sonatype/sisu/sisu-inject-bean/2.3.0/sisu-inject-bean-2.3.0.jar.
12:14:01,431 (main) DEBUG [DataNucleus.General] - Loading extension points from plug-in file jar:file:/C:/Users/Dan/.m2/repository/org/sonatype/sisu/sisu-inject-bean/2.3.0/sisu-inject-bean-2.3.0.jar!/plugin.xml.
12:14:01,431 (main) DEBUG [DataNucleus.General] - Loading extensions from plug-in file jar:file:/C:/Users/Dan/.m2/repository/org/sonatype/sisu/sisu-inject-bean/2.3.0/sisu-inject-bean-2.3.0.jar!/plugin.xml.
12:14:01,432 (main) DEBUG [DataNucleus.General] - Registering bundle org.datanucleus.jdo.query version 3.0.2 at URL file:/C:/Users/Dan/.m2/repository/org/datanucleus/datanucleus-jdo-query/3.0.2/datanucleus-jdo-query-3.0.2.jar.
12:14:01,433 (main) DEBUG [DataNucleus.General] - Loading extension points from plug-in file jar:file:/C:/Users/Dan/.m2/repository/org/datanucleus/datanucleus-jdo-query/3.0.2/datanucleus-jdo-query-3.0.2.jar!/plugin.xml.
12:14:01,433 (main) DEBUG [DataNucleus.General] - Loading extensions from plug-in file jar:file:/C:/Users/Dan/.m2/repository/org/datanucleus/datanucleus-jdo-query/3.0.2/datanucleus-jdo-query-3.0.2.jar!/plugin.xml.
12:14:01,434 (main) DEBUG [DataNucleus.General] - Registering bundle org.datanucleus version 3.2.11 at URL file:/C:/Users/Dan/.m2/repository/org/datanucleus/datanucleus-core/3.2.11/datanucleus-core-3.2.11.jar.
12:14:01,455 (main) DEBUG [DataNucleus.General] - Loading extension points from plug-in file jar:file:/C:/Users/Dan/.m2/repository/org/datanucleus/datanucleus-core/3.2.11/datanucleus-core-3.2.11.jar!/plugin.xml.
12:14:01,473 (main) DEBUG [DataNucleus.General] - Loading extensions from plug-in file jar:file:/C:/Users/Dan/.m2/repository/org/datanucleus/datanucleus-core/3.2.11/datanucleus-core-3.2.11.jar!/plugin.xml.
12:14:01,476 (main) DEBUG [DataNucleus.General] - Registering bundle org.datanucleus.store.rdbms version 3.2.10 at URL file:/C:/Users/Dan/.m2/repository/org/datanucleus/datanucleus-rdbms/3.2.10/datanucleus-rdbms-3.2.10.jar.
12:14:01,504 (main) DEBUG [DataNucleus.General] - Loading extension points from plug-in file jar:file:/C:/Users/Dan/.m2/repository/org/datanucleus/datanucleus-rdbms/3.2.10/datanucleus-rdbms-3.2.10.jar!/plugin.xml.
12:14:01,517 (main) DEBUG [DataNucleus.General] - Loading extensions from plug-in file jar:file:/C:/Users/Dan/.m2/repository/org/datanucleus/datanucleus-rdbms/3.2.10/datanucleus-rdbms-3.2.10.jar!/plugin.xml.
12:14:01,555 (main) DEBUG [DataNucleus.Persistence] - Java types support initialising ...
12:14:01,560 (main) DEBUG [DataNucleus.Persistence] - Not enabling java type support for javax.time.calendar.LocalDate : java type not present in CLASSPATH
12:14:01,560 (main) DEBUG [DataNucleus.Persistence] - Not enabling java type support for javax.time.calendar.LocalDateTime : java type not present in CLASSPATH
12:14:01,561 (main) DEBUG [DataNucleus.Persistence] - Not enabling java type support for javax.time.calendar.LocalTime : java type not present in CLASSPATH
12:14:01,608 (main) DEBUG [DataNucleus.Persistence] - Java types support loaded : supported java types=java.util.TimeZone, org.joda.time.DateTime, [Ljava.lang.Byte;, [Ljava.lang.Integer;, java.util.SortedMap, char, java.lang.Boolean, [Ljava.lang.Boolean;, java.lang.Long, java.sql.Timestamp, org.joda.time.Duration, [Ljava.lang.Double;, java.lang.Float, long, float, java.util.BitSet, java.util.Stack, java.math.BigInteger, java.lang.Double, java.util.Vector, byte, java.util.Locale, java.lang.Class, [Ljava.lang.Long;, java.sql.Time, boolean, [Ljava.lang.Short;, java.util.LinkedList, java.util.PriorityQueue, [Ljava.lang.Enum;, java.util.List, int, java.util.TreeMap, java.lang.Integer, java.lang.Short, double, java.lang.Number, java.util.LinkedHashMap, java.sql.Date, [Ljava.util.Locale;, java.util.Arrays$ArrayList, org.joda.time.LocalDate, java.lang.Byte, java.util.UUID, [Ljava.lang.String;, [Ljava.util.Date;, java.util.Currency, java.util.Properties, java.util.Calendar, java.util.Map, java.awt.Color, org.joda.time.Period, java.lang.StringBuilder, org.joda.time.LocalTime, java.util.HashMap, [Ljava.lang.Character;, short, java.util.GregorianCalendar, java.util.TreeSet, java.lang.Character, java.util.SortedSet, java.util.Set, java.util.Collection, java.util.ArrayList, java.lang.StringBuffer, [Ljava.math.BigDecimal;, [B, java.util.Hashtable, [F, java.lang.String, java.net.URI, [C, java.awt.image.BufferedImage, [D, java.util.Date, [I, [J, [Ljava.lang.Number;, [Ljava.lang.Float;, [Ljava.math.BigInteger;, java.net.URL, java.util.HashSet, java.math.BigDecimal, org.joda.time.Interval, [S, [Z, java.util.Queue, java.lang.Enum, java.util.LinkedHashSet
12:14:01,608 (main) DEBUG [DataNucleus.Persistence] - Type converter support initialising ...
12:14:01,609 (main) DEBUG [DataNucleus.Persistence] - Added converter for java.math.BigDecimal<->java.lang.String using org.datanucleus.store.types.converters.BigDecimalStringConverter
12:14:01,610 (main) DEBUG [DataNucleus.Persistence] - Added converter for java.math.BigInteger<->java.lang.String using org.datanucleus.store.types.converters.BigIntegerStringConverter
12:14:01,610 (main) DEBUG [DataNucleus.Persistence] - Added converter for java.util.BitSet<->java.lang.String using org.datanucleus.store.types.converters.BitSetStringConverter
12:14:01,611 (main) DEBUG [DataNucleus.Persistence] - Added converter for java.util.Calendar<->java.lang.String using org.datanucleus.store.types.converters.CalendarStringConverter
12:14:01,611 (main) DEBUG [DataNucleus.Persistence] - Added converter for java.lang.Class<->java.lang.String using org.datanucleus.store.types.converters.ClassStringConverter
12:14:01,612 (main) DEBUG [DataNucleus.Persistence] - Added converter for java.awt.Color<->java.lang.String using org.datanucleus.store.types.converters.ColorStringConverter
12:14:01,612 (main) DEBUG [DataNucleus.Persistence] - Added converter for java.lang.Integer<->java.lang.String using org.datanucleus.store.types.converters.IntegerStringConverter
12:14:01,613 (main) DEBUG [DataNucleus.Persistence] - Added converter for java.lang.Long<->java.lang.String using org.datanucleus.store.types.converters.LongStringConverter
12:14:01,613 (main) DEBUG [DataNucleus.Persistence] - Added converter for java.util.Currency<->java.lang.String using org.datanucleus.store.types.converters.CurrencyStringConverter
12:14:01,613 (main) DEBUG [DataNucleus.Persistence] - Added converter for java.util.Date<->java.lang.Long using org.datanucleus.store.types.converters.DateLongConverter
12:14:01,614 (main) DEBUG [DataNucleus.Persistence] - Added converter for java.util.Date<->java.lang.String using org.datanucleus.store.types.converters.DateStringConverter
12:14:01,614 (main) DEBUG [DataNucleus.Persistence] - Added converter for java.util.Locale<->java.lang.String using org.datanucleus.store.types.converters.LocaleStringConverter
12:14:01,615 (main) DEBUG [DataNucleus.Persistence] - Added converter for java.sql.Date<->java.lang.Long using org.datanucleus.store.types.converters.SqlDateLongConverter
12:14:01,615 (main) DEBUG [DataNucleus.Persistence] - Added converter for java.sql.Date<->java.lang.String using org.datanucleus.store.types.converters.SqlDateStringConverter
12:14:01,616 (main) DEBUG [DataNucleus.Persistence] - Added converter for java.sql.Time<->java.lang.Long using org.datanucleus.store.types.converters.SqlTimeLongConverter
12:14:01,616 (main) DEBUG [DataNucleus.Persistence] - Added converter for java.sql.Time<->java.lang.String using org.datanucleus.store.types.converters.SqlTimeStringConverter
12:14:01,616 (main) DEBUG [DataNucleus.Persistence] - Added converter for java.sql.Timestamp<->java.lang.Long using org.datanucleus.store.types.converters.SqlTimestampLongConverter
12:14:01,617 (main) DEBUG [DataNucleus.Persistence] - Added converter for java.lang.StringBuffer<->java.lang.String using org.datanucleus.store.types.converters.StringBufferStringConverter
12:14:01,617 (main) DEBUG [DataNucleus.Persistence] - Added converter for java.lang.StringBuilder<->java.lang.String using org.datanucleus.store.types.converters.StringBuilderStringConverter
12:14:01,617 (main) DEBUG [DataNucleus.Persistence] - Added converter for java.util.TimeZone<->java.lang.String using org.datanucleus.store.types.converters.TimeZoneStringConverter
12:14:01,618 (main) DEBUG [DataNucleus.Persistence] - Added converter for java.net.URI<->java.lang.String using org.datanucleus.store.types.converters.URIStringConverter
12:14:01,618 (main) DEBUG [DataNucleus.Persistence] - Added converter for java.net.URL<->java.lang.String using org.datanucleus.store.types.converters.URLStringConverter
12:14:01,618 (main) DEBUG [DataNucleus.Persistence] - Added converter for java.util.UUID<->java.lang.String using org.datanucleus.store.types.converters.UUIDStringConverter
12:14:01,619 (main) DEBUG [DataNucleus.Persistence] - TypeConverter for javax.time.calendar.LocalDate<->java.lang.String ignored since java type not present in CLASSPATH
12:14:01,619 (main) DEBUG [DataNucleus.Persistence] - TypeConverter for javax.time.calendar.LocalTime<->java.lang.String ignored since java type not present in CLASSPATH
12:14:01,620 (main) DEBUG [DataNucleus.Persistence] - TypeConverter for javax.time.calendar.LocalTime<->java.lang.Long ignored since java type not present in CLASSPATH
12:14:01,620 (main) DEBUG [DataNucleus.Persistence] - TypeConverter for javax.time.calendar.LocalDateTime<->java.lang.String ignored since java type not present in CLASSPATH
12:14:01,621 (main) DEBUG [DataNucleus.Persistence] - Added converter for java.io.Serializable<->java.lang.String using org.datanucleus.store.types.converters.SerializableStringConverter
12:14:01,621 (main) DEBUG [DataNucleus.Persistence] - Added converter for java.io.Serializable<->[B using org.datanucleus.store.types.converters.SerializableByteArrayConverter
12:14:01,622 (main) DEBUG [DataNucleus.Persistence] - Added converter for org.joda.time.DateTime<->java.lang.String using org.datanucleus.store.types.converters.JodaDateTimeStringConverter
12:14:01,623 (main) DEBUG [DataNucleus.Persistence] - Added converter for org.joda.time.Duration<->java.lang.String using org.datanucleus.store.types.converters.JodaDurationStringConverter
12:14:01,623 (main) DEBUG [DataNucleus.Persistence] - Added converter for org.joda.time.Interval<->java.lang.String using org.datanucleus.store.types.converters.JodaIntervalStringConverter
12:14:01,624 (main) DEBUG [DataNucleus.Persistence] - Added converter for org.joda.time.LocalDate<->java.lang.String using org.datanucleus.store.types.converters.JodaLocalDateStringConverter
12:14:01,624 (main) DEBUG [DataNucleus.Persistence] - Added converter for org.joda.time.LocalTime<->java.lang.String using org.datanucleus.store.types.converters.JodaLocalTimeStringConverter
12:14:01,625 (main) DEBUG [DataNucleus.Persistence] - Added converter for org.joda.time.Period<->java.lang.String using org.datanucleus.store.types.converters.JodaPeriodStringConverter
12:14:01,625 (main) DEBUG [DataNucleus.Persistence] - Type converter support loaded
12:14:01,625 (main) DEBUG [DataNucleus.MetaData] - MetaDataManager : Input=(XML,Annotations), XML-Validation=false, XML-Suffices=(persistence=*.jdo, orm=orm, query=*.jdoquery), JDO-listener=false
12:14:01,625 (main) INFO  [DataNucleus.Enhancer] - DataNucleus Enhancer (version 3.2.11) for API "JDO" using JRE "1.7"
12:14:01,626 (main) DEBUG [DataNucleus.Enhancer] - DataNucleus Enhancer : Classpath
12:14:01,626 (main) DEBUG [DataNucleus.Enhancer] - >>  c:/bin/apache-maven-3.1.1/boot/plexus-classworlds-2.5.1.jar
12:14:01,626 (main) DEBUG [DataNucleus.Enhancer] - Enhancing classes for JRE=1.7 with stackmap-frames=true
12:14:01,637 (main) DEBUG [DataNucleus.MetaData] - MetaData Management : Loading Metadata for classes "[dom.simple.QSimpleObject, dom.simple.SimpleObject, dom.simple.SimpleObjects]" ...
12:14:01,644 (main) DEBUG [DataNucleus.MetaData] - MetaData of type "jdo" for class "dom.simple.QSimpleObject" NOT found at /META-INF/package.jdo
12:14:01,644 (main) DEBUG [DataNucleus.MetaData] - MetaData of type "jdo" for class "dom.simple.QSimpleObject" NOT found at /WEB-INF/package.jdo
12:14:01,645 (main) DEBUG [DataNucleus.MetaData] - MetaData of type "jdo" for class "dom.simple.QSimpleObject" NOT found at /package.jdo
12:14:01,645 (main) DEBUG [DataNucleus.MetaData] - MetaData of type "jdo" for class "dom.simple.QSimpleObject" NOT found at /dom/package.jdo
12:14:01,645 (main) DEBUG [DataNucleus.MetaData] - MetaData of type "jdo" for class "dom.simple.QSimpleObject" NOT found at /dom.jdo
12:14:01,645 (main) DEBUG [DataNucleus.MetaData] - MetaData of type "jdo" for class "dom.simple.QSimpleObject" NOT found at /dom/simple/package.jdo
12:14:01,645 (main) DEBUG [DataNucleus.MetaData] - MetaData of type "jdo" for class "dom.simple.QSimpleObject" NOT found at /dom/simple.jdo
12:14:01,645 (main) DEBUG [DataNucleus.MetaData] - MetaData of type "jdo" for class "dom.simple.QSimpleObject" NOT found at /dom/simple/QSimpleObject.jdo
12:14:01,645 (main) DEBUG [DataNucleus.MetaData] - MetaData of type "jdo" for class "dom.simple.QSimpleObject" not found
12:14:01,646 (main) DEBUG [DataNucleus.MetaData] - Registering class "dom.simple.QSimpleObject" as not having MetaData.
12:14:01,646 (main) DEBUG [DataNucleus.MetaData] - Class "dom.simple.QSimpleObject" has no MetaData or annotations.
12:14:01,689 (main) DEBUG [DataNucleus.MetaData] - Class "dom.simple.SimpleObject" has been specified with JDO annotations so using those.
12:14:01,704 (main) DEBUG [DataNucleus.MetaData] - Class "dom.simple.SimpleObjects" has annotations but there is no registered AnnotationReader. Please check your CLASSPATH and the annotations in the class for validity.
12:14:01,705 (main) DEBUG [DataNucleus.MetaData] - MetaData of type "jdo" for class "dom.simple.SimpleObjects" NOT found at /META-INF/package.jdo
12:14:01,705 (main) DEBUG [DataNucleus.MetaData] - MetaData of type "jdo" for class "dom.simple.SimpleObjects" NOT found at /WEB-INF/package.jdo
12:14:01,705 (main) DEBUG [DataNucleus.MetaData] - MetaData of type "jdo" for class "dom.simple.SimpleObjects" NOT found at /package.jdo
12:14:01,706 (main) DEBUG [DataNucleus.MetaData] - MetaData of type "jdo" for class "dom.simple.SimpleObjects" NOT found at /dom/package.jdo
12:14:01,706 (main) DEBUG [DataNucleus.MetaData] - MetaData of type "jdo" for class "dom.simple.SimpleObjects" NOT found at /dom.jdo
12:14:01,706 (main) DEBUG [DataNucleus.MetaData] - MetaData of type "jdo" for class "dom.simple.SimpleObjects" NOT found at /dom/simple/package.jdo
12:14:01,707 (main) DEBUG [DataNucleus.MetaData] - MetaData of type "jdo" for class "dom.simple.SimpleObjects" NOT found at /dom/simple.jdo
12:14:01,707 (main) DEBUG [DataNucleus.MetaData] - MetaData of type "jdo" for class "dom.simple.SimpleObjects" NOT found at /dom/simple/SimpleObjects.jdo
12:14:01,707 (main) DEBUG [DataNucleus.MetaData] - MetaData of type "jdo" for class "dom.simple.SimpleObjects" not found
12:14:01,707 (main) DEBUG [DataNucleus.MetaData] - Class "dom.simple.SimpleObjects" has annotations but there is no registered AnnotationReader. Please check your CLASSPATH and the annotations in the class for validity.
12:14:01,707 (main) DEBUG [DataNucleus.MetaData] - Registering class "dom.simple.SimpleObjects" as not having MetaData.
12:14:01,707 (main) DEBUG [DataNucleus.MetaData] - Class "dom.simple.SimpleObjects" has no MetaData or annotations.
12:14:01,707 (main) DEBUG [DataNucleus.MetaData] - Populating all MetaData ...
12:14:01,708 (main) DEBUG [DataNucleus.MetaData] - Class "dom.simple.SimpleObject" : Populating Meta-Data
12:14:01,708 (main) DEBUG [DataNucleus.MetaData] - Class "dom.simple.SimpleObject" field "container" : Adding Meta-Data for field since it didnt appear in the Meta-Data definition.
12:14:01,712 (main) DEBUG [DataNucleus.MetaData] - MetaData of type "jdo" for class "org.apache.isis.applib.DomainObjectContainer" NOT found at /META-INF/package.jdo
12:14:01,712 (main) DEBUG [DataNucleus.MetaData] - MetaData of type "jdo" for class "org.apache.isis.applib.DomainObjectContainer" NOT found at /WEB-INF/package.jdo
12:14:01,712 (main) DEBUG [DataNucleus.MetaData] - MetaData of type "jdo" for class "org.apache.isis.applib.DomainObjectContainer" NOT found at /package.jdo
12:14:01,713 (main) DEBUG [DataNucleus.MetaData] - MetaData of type "jdo" for class "org.apache.isis.applib.DomainObjectContainer" NOT found at /org/package.jdo
12:14:01,714 (main) DEBUG [DataNucleus.MetaData] - MetaData of type "jdo" for class "org.apache.isis.applib.DomainObjectContainer" NOT found at /org.jdo
12:14:01,714 (main) DEBUG [DataNucleus.MetaData] - MetaData of type "jdo" for class "org.apache.isis.applib.DomainObjectContainer" NOT found at /org/apache/package.jdo
12:14:01,714 (main) DEBUG [DataNucleus.MetaData] - MetaData of type "jdo" for class "org.apache.isis.applib.DomainObjectContainer" NOT found at /org/apache.jdo
12:14:01,715 (main) DEBUG [DataNucleus.MetaData] - MetaData of type "jdo" for class "org.apache.isis.applib.DomainObjectContainer" NOT found at /org/apache/isis/package.jdo
12:14:01,715 (main) DEBUG [DataNucleus.MetaData] - MetaData of type "jdo" for class "org.apache.isis.applib.DomainObjectContainer" NOT found at /org/apache/isis.jdo
12:14:01,715 (main) DEBUG [DataNucleus.MetaData] - MetaData of type "jdo" for class "org.apache.isis.applib.DomainObjectContainer" NOT found at /org/apache/isis/applib/package.jdo
12:14:01,716 (main) DEBUG [DataNucleus.MetaData] - MetaData of type "jdo" for class "org.apache.isis.applib.DomainObjectContainer" NOT found at /org/apache/isis/applib.jdo
12:14:01,716 (main) DEBUG [DataNucleus.MetaData] - MetaData of type "jdo" for class "org.apache.isis.applib.DomainObjectContainer" NOT found at /org/apache/isis/applib/DomainObjectContainer.jdo
12:14:01,716 (main) DEBUG [DataNucleus.MetaData] - MetaData of type "jdo" for class "org.apache.isis.applib.DomainObjectContainer" not found
12:14:01,716 (main) DEBUG [DataNucleus.MetaData] - Registering class "org.apache.isis.applib.DomainObjectContainer" as not having MetaData.
12:14:01,717 (main) DEBUG [DataNucleus.MetaData] - Initialising all MetaData ...
12:14:01,718 (main) DEBUG [DataNucleus.MetaData] - Class "dom.simple.SimpleObject" : Initialising Meta-Data
12:14:01,720 (main) DEBUG [DataNucleus.MetaData] - MetaData Management : Load of Metadata complete
12:14:01,736 (main) DEBUG [DataNucleus.Enhancer] - Enhance of class "dom.simple.SimpleObject" starting ...
12:14:01,752 (main) DEBUG [DataNucleus.Enhancer] - Class "dom.simple.SimpleObject" doesnt implement the interface "javax.jdo.spi.PersistenceCapable" but is required
12:14:01,752 (main) DEBUG [DataNucleus.Enhancer] - Class "dom.simple.SimpleObject" doesnt have field "jdoInheritedFieldCount" but is required
12:14:01,752 (main) DEBUG [DataNucleus.Enhancer] - Class "dom.simple.SimpleObject" doesnt have field "jdoFieldNames" but is required
12:14:01,752 (main) DEBUG [DataNucleus.Enhancer] - Class "dom.simple.SimpleObject" doesnt have field "jdoPersistenceCapableSuperclass" but is required
12:14:01,752 (main) DEBUG [DataNucleus.Enhancer] - Class "dom.simple.SimpleObject" doesnt have field "jdoFieldTypes" but is required
12:14:01,752 (main) DEBUG [DataNucleus.Enhancer] - Class "dom.simple.SimpleObject" doesnt have field "jdoStateManager" but is required
12:14:01,752 (main) DEBUG [DataNucleus.Enhancer] - Class "dom.simple.SimpleObject" doesnt have field "jdoFieldFlags" but is required
12:14:01,752 (main) DEBUG [DataNucleus.Enhancer] - Class "dom.simple.SimpleObject" doesnt have field "jdoFlags" but is required
12:14:01,753 (main) DEBUG [DataNucleus.Enhancer] - Class "dom.simple.SimpleObject" doesnt have method "__jdoGetInheritedFieldCount" but is required
12:14:01,753 (main) DEBUG [DataNucleus.Enhancer] - Class "dom.simple.SimpleObject" doesnt have method "jdoNewInstance" but is required
12:14:01,753 (main) DEBUG [DataNucleus.Enhancer] - Class "dom.simple.SimpleObject" doesnt have method "jdoNewInstance" but is required
12:14:01,753 (main) DEBUG [DataNucleus.Enhancer] - Class "dom.simple.SimpleObject" doesnt have method "jdoReplaceField" but is required
12:14:01,753 (main) DEBUG [DataNucleus.Enhancer] - Class "dom.simple.SimpleObject" doesnt have method "jdoIsDirty" but is required
12:14:01,753 (main) DEBUG [DataNucleus.Enhancer] - Class "dom.simple.SimpleObject" doesnt have method "jdoReplaceFields" but is required
12:14:01,753 (main) DEBUG [DataNucleus.Enhancer] - Class "dom.simple.SimpleObject" doesnt have method "jdoIsPersistent" but is required
12:14:01,753 (main) DEBUG [DataNucleus.Enhancer] - Class "dom.simple.SimpleObject" doesnt have method "jdoIsNew" but is required
12:14:01,753 (main) DEBUG [DataNucleus.Enhancer] - Class "dom.simple.SimpleObject" doesnt have method "jdoIsTransactional" but is required
12:14:01,753 (main) DEBUG [DataNucleus.Enhancer] - Class "dom.simple.SimpleObject" doesnt have method "jdoProvideFields" but is required
12:14:01,753 (main) DEBUG [DataNucleus.Enhancer] - Class "dom.simple.SimpleObject" doesnt have method "jdoCopyFields" but is required
12:14:01,753 (main) DEBUG [DataNucleus.Enhancer] - Class "dom.simple.SimpleObject" doesnt have method "jdoCopyKeyFieldsToObjectId" but is required
12:14:01,753 (main) DEBUG [DataNucleus.Enhancer] - Class "dom.simple.SimpleObject" doesnt have method "jdoCopyKeyFieldsToObjectId" but is required
12:14:01,753 (main) DEBUG [DataNucleus.Enhancer] - Class "dom.simple.SimpleObject" doesnt have method "jdoGetManagedFieldCount" but is required
12:14:01,753 (main) DEBUG [DataNucleus.Enhancer] - Class "dom.simple.SimpleObject" doesnt have method "jdoCopyKeyFieldsFromObjectId" but is required
12:14:01,753 (main) DEBUG [DataNucleus.Enhancer] - Class "dom.simple.SimpleObject" doesnt have method "jdoCopyKeyFieldsFromObjectId" but is required
12:14:01,753 (main) DEBUG [DataNucleus.Enhancer] - Class "dom.simple.SimpleObject" doesnt have method "jdoReplaceStateManager" but is required
12:14:01,753 (main) DEBUG [DataNucleus.Enhancer] - Class "dom.simple.SimpleObject" doesnt have method "jdoNewObjectIdInstance" but is required
12:14:01,753 (main) DEBUG [DataNucleus.Enhancer] - Class "dom.simple.SimpleObject" doesnt have method "jdoNewObjectIdInstance" but is required
12:14:01,753 (main) DEBUG [DataNucleus.Enhancer] - Class "dom.simple.SimpleObject" doesnt have method "jdoGetTransactionalObjectId" but is required
12:14:01,753 (main) DEBUG [DataNucleus.Enhancer] - Class "dom.simple.SimpleObject" doesnt have method "jdoGetPersistenceManager" but is required
12:14:01,753 (main) DEBUG [DataNucleus.Enhancer] - Class "dom.simple.SimpleObject" doesnt have method "jdoMakeDirty" but is required
12:14:01,753 (main) DEBUG [DataNucleus.Enhancer] - Class "dom.simple.SimpleObject" doesnt have method "__jdoFieldFlagsInit" but is required
12:14:01,753 (main) DEBUG [DataNucleus.Enhancer] - Class "dom.simple.SimpleObject" doesnt have method "jdoSuperClone" but is required
12:14:01,753 (main) DEBUG [DataNucleus.Enhancer] - Class "dom.simple.SimpleObject" doesnt have method "__jdoFieldNamesInit" but is required
12:14:01,753 (main) DEBUG [DataNucleus.Enhancer] - Class "dom.simple.SimpleObject" doesnt have method "jdoProvideField" but is required
12:14:01,753 (main) DEBUG [DataNucleus.Enhancer] - Class "dom.simple.SimpleObject" doesnt have method "jdoPreSerialize" but is required
12:14:01,754 (main) DEBUG [DataNucleus.Enhancer] - Class "dom.simple.SimpleObject" doesnt have method "jdoCopyField" but is required
12:14:01,754 (main) DEBUG [DataNucleus.Enhancer] - Class "dom.simple.SimpleObject" doesnt have method "jdoIsDeleted" but is required
12:14:01,754 (main) DEBUG [DataNucleus.Enhancer] - Class "dom.simple.SimpleObject" doesnt have method "jdoReplaceFlags" but is required
12:14:01,754 (main) DEBUG [DataNucleus.Enhancer] - Class "dom.simple.SimpleObject" doesnt have method "jdoGetObjectId" but is required
12:14:01,754 (main) DEBUG [DataNucleus.Enhancer] - Class "dom.simple.SimpleObject" doesnt have method "jdoIsDetached" but is required
12:14:01,754 (main) DEBUG [DataNucleus.Enhancer] - Class "dom.simple.SimpleObject" doesnt have method "__jdoPersistenceCapableSuperclassInit" but is required
12:14:01,754 (main) DEBUG [DataNucleus.Enhancer] - Class "dom.simple.SimpleObject" doesnt have method "___jdo$loadClass" but is required
12:14:01,754 (main) DEBUG [DataNucleus.Enhancer] - Class "dom.simple.SimpleObject" doesnt have method "__jdoFieldTypesInit" but is required
12:14:01,754 (main) DEBUG [DataNucleus.Enhancer] - Class "dom.simple.SimpleObject" doesnt have method "jdoGetVersion" but is required
12:14:01,761 (main) DEBUG [DataNucleus.Enhancer] - Adding interface: javax.jdo.spi.PersistenceCapable
12:14:01,765 (main) DEBUG [DataNucleus.Enhancer] - Adding method "java.lang.String jdoGetname()"
12:14:01,767 (main) DEBUG [DataNucleus.Enhancer] - Adding method "void jdoSetname(class java.lang.String val)"
12:14:01,767 (main) DEBUG [DataNucleus.Enhancer] - Adding field "javax.jdo.spi.StateManager jdoStateManager"
12:14:01,767 (main) DEBUG [DataNucleus.Enhancer] - Adding field "byte jdoFlags"
12:14:01,767 (main) DEBUG [DataNucleus.Enhancer] - Adding field "[B jdoFieldFlags"
12:14:01,767 (main) DEBUG [DataNucleus.Enhancer] - Adding field "java.lang.Class jdoPersistenceCapableSuperclass"
12:14:01,767 (main) DEBUG [DataNucleus.Enhancer] - Adding field "[Ljava.lang.Class; jdoFieldTypes"
12:14:01,767 (main) DEBUG [DataNucleus.Enhancer] - Adding field "[Ljava.lang.String; jdoFieldNames"
12:14:01,767 (main) DEBUG [DataNucleus.Enhancer] - Adding field "int jdoInheritedFieldCount"
12:14:01,768 (main) DEBUG [DataNucleus.Enhancer] - Adding method "void <clinit>()"
12:14:01,768 (main) DEBUG [DataNucleus.Enhancer] - Adding method "void jdoCopyKeyFieldsFromObjectId(interface javax.jdo.spi.PersistenceCapable$ObjectIdFieldConsumer fc, class java.lang.Object oid)"
12:14:01,768 (main) DEBUG [DataNucleus.Enhancer] - Adding method "void jdoCopyKeyFieldsFromObjectId(class java.lang.Object oid)"
12:14:01,768 (main) DEBUG [DataNucleus.Enhancer] - Adding method "void jdoCopyKeyFieldsToObjectId(class java.lang.Object oid)"
12:14:01,768 (main) DEBUG [DataNucleus.Enhancer] - Adding method "void jdoCopyKeyFieldsToObjectId(interface javax.jdo.spi.PersistenceCapable$ObjectIdFieldSupplier fs, class java.lang.Object oid)"
12:14:01,769 (main) DEBUG [DataNucleus.Enhancer] - Adding method "java.lang.Object jdoGetObjectId()"
12:14:01,769 (main) DEBUG [DataNucleus.Enhancer] - Adding method "java.lang.Object jdoGetVersion()"
12:14:01,769 (main) DEBUG [DataNucleus.Enhancer] - Adding method "void jdoPreSerialize()"
12:14:01,769 (main) DEBUG [DataNucleus.Enhancer] - Adding method "javax.jdo.PersistenceManager jdoGetPersistenceManager()"
12:14:01,769 (main) DEBUG [DataNucleus.Enhancer] - Adding method "java.lang.Object jdoGetTransactionalObjectId()"
12:14:01,770 (main) DEBUG [DataNucleus.Enhancer] - Adding method "boolean jdoIsDeleted()"
12:14:01,770 (main) DEBUG [DataNucleus.Enhancer] - Adding method "boolean jdoIsDirty()"
12:14:01,770 (main) DEBUG [DataNucleus.Enhancer] - Adding method "boolean jdoIsNew()"
12:14:01,770 (main) DEBUG [DataNucleus.Enhancer] - Adding method "boolean jdoIsPersistent()"
12:14:01,770 (main) DEBUG [DataNucleus.Enhancer] - Adding method "boolean jdoIsTransactional()"
12:14:01,770 (main) DEBUG [DataNucleus.Enhancer] - Adding method "void jdoMakeDirty(class java.lang.String fieldName)"
12:14:01,770 (main) DEBUG [DataNucleus.Enhancer] - Adding method "java.lang.Object jdoNewObjectIdInstance()"
12:14:01,770 (main) DEBUG [DataNucleus.Enhancer] - Adding method "java.lang.Object jdoNewObjectIdInstance(class java.lang.Object key)"
12:14:01,770 (main) DEBUG [DataNucleus.Enhancer] - Adding method "void jdoProvideFields(class [I indices)"
12:14:01,771 (main) DEBUG [DataNucleus.Enhancer] - Adding method "void jdoReplaceFields(class [I indices)"
12:14:01,771 (main) DEBUG [DataNucleus.Enhancer] - Adding method "void jdoReplaceFlags()"
12:14:01,771 (main) DEBUG [DataNucleus.Enhancer] - Adding method "void jdoReplaceStateManager(interface javax.jdo.spi.StateManager sm)"
12:14:01,771 (main) DEBUG [DataNucleus.Enhancer] - Adding method "boolean jdoIsDetached()"
12:14:01,771 (main) DEBUG [DataNucleus.Enhancer] - Adding method "javax.jdo.spi.PersistenceCapable jdoNewInstance(interface javax.jdo.spi.StateManager sm)"
12:14:01,771 (main) DEBUG [DataNucleus.Enhancer] - Adding method "javax.jdo.spi.PersistenceCapable jdoNewInstance(interface javax.jdo.spi.StateManager sm, class java.lang.Object obj)"
12:14:01,771 (main) DEBUG [DataNucleus.Enhancer] - Adding method "void jdoReplaceField(int index)"
12:14:01,772 (main) DEBUG [DataNucleus.Enhancer] - Adding method "void jdoProvideField(int index)"
12:14:01,772 (main) DEBUG [DataNucleus.Enhancer] - Adding method "void jdoCopyField(class dom.simple.SimpleObject obj, int index)"
12:14:01,772 (main) DEBUG [DataNucleus.Enhancer] - Adding method "void jdoCopyFields(class java.lang.Object obj, class [I indices)"
12:14:01,772 (main) DEBUG [DataNucleus.Enhancer] - Adding method "[Ljava.lang.String; __jdoFieldNamesInit()"
12:14:01,772 (main) DEBUG [DataNucleus.Enhancer] - Adding method "[Ljava.lang.Class; __jdoFieldTypesInit()"
12:14:01,772 (main) DEBUG [DataNucleus.Enhancer] - Adding method "[B __jdoFieldFlagsInit()"
12:14:01,772 (main) DEBUG [DataNucleus.Enhancer] - Adding method "int __jdoGetInheritedFieldCount()"
12:14:01,772 (main) DEBUG [DataNucleus.Enhancer] - Adding method "int jdoGetManagedFieldCount()"
12:14:01,772 (main) DEBUG [DataNucleus.Enhancer] - Adding method "java.lang.Class __jdoPersistenceCapableSuperclassInit()"
12:14:01,773 (main) DEBUG [DataNucleus.Enhancer] - Adding method "java.lang.Class ___jdo$loadClass(class java.lang.String className)"
12:14:01,773 (main) DEBUG [DataNucleus.Enhancer] - Adding method "java.lang.Object jdoSuperClone()"
12:14:01,773 (main) INFO  [DataNucleus.Enhancer] - Writing class file "C:\GITHUB\danhaywood\isis-angularjs-simpleapp\dom\target\classes\dom\simple\SimpleObject.class" with enhanced definition
12:14:01,774 (main) INFO  [DataNucleus.Enhancer] - ENHANCED (PersistenceCapable) : dom.simple.SimpleObject
12:14:01,774 (main) DEBUG [DataNucleus.Enhancer] - Enhance of class "dom.simple.SimpleObject" completed
12:14:01,775 (main) INFO  [DataNucleus.Enhancer] - DataNucleus Enhancer completed with success for 1 classes. Timings : input=95 ms, enhance=53 ms, total=148 ms. Consult the log for full details
